d:\dev\workshop\visual studio\c++\gameframework\gameframework\debugbin\intermediate\vc120.pdb
d:\dev\workshop\visual studio\c++\gameframework\gameframework\debugbin\intermediate\vc120.idb
d:\dev\workshop\visual studio\c++\gameframework\gameframework\debugbin\intermediate\source.obj
d:\dev\workshop\visual studio\c++\gameframework\gameframework\debugbin\intermediate\gameframework.vcxprojresolveassemblyreference.cache
d:\dev\workshop\visual studio\c++\gameframework\bin\debug\gameframework.pdb
d:\dev\workshop\visual studio\c++\gameframework\gameframework\debugbin\intermediate\gameframework.tlog\cl.command.1.tlog
d:\dev\workshop\visual studio\c++\gameframework\gameframework\debugbin\intermediate\gameframework.tlog\cl.read.1.tlog
d:\dev\workshop\visual studio\c++\gameframework\gameframework\debugbin\intermediate\gameframework.tlog\cl.write.1.tlog
d:\dev\workshop\visual studio\c++\gameframework\gameframework\debugbin\intermediate\gameframework.tlog\link-cvtres.read.1.tlog
d:\dev\workshop\visual studio\c++\gameframework\gameframework\debugbin\intermediate\gameframework.tlog\link-cvtres.write.1.tlog
d:\dev\workshop\visual studio\c++\gameframework\gameframework\debugbin\intermediate\gameframework.tlog\link-rc.read.1.tlog
d:\dev\workshop\visual studio\c++\gameframework\gameframework\debugbin\intermediate\gameframework.tlog\link-rc.write.1.tlog
d:\dev\workshop\visual studio\c++\gameframework\gameframework\debugbin\intermediate\gameframework.tlog\link.7816-cvtres.read.1.tlog
d:\dev\workshop\visual studio\c++\gameframework\gameframework\debugbin\intermediate\gameframework.tlog\link.7816-cvtres.write.1.tlog
d:\dev\workshop\visual studio\c++\gameframework\gameframework\debugbin\intermediate\gameframework.tlog\link.7816-rc.read.1.tlog
d:\dev\workshop\visual studio\c++\gameframework\gameframework\debugbin\intermediate\gameframework.tlog\link.7816-rc.write.1.tlog
d:\dev\workshop\visual studio\c++\gameframework\gameframework\debugbin\intermediate\gameframework.tlog\link.7816.read.1.tlog
d:\dev\workshop\visual studio\c++\gameframework\gameframework\debugbin\intermediate\gameframework.tlog\link.7816.write.1.tlog
d:\dev\workshop\visual studio\c++\gameframework\gameframework\debugbin\intermediate\gameframework.tlog\link.command.1.tlog
d:\dev\workshop\visual studio\c++\gameframework\gameframework\debugbin\intermediate\gameframework.tlog\link.read.1.tlog
d:\dev\workshop\visual studio\c++\gameframework\gameframework\debugbin\intermediate\gameframework.tlog\link.write.1.tlog
