d:\dev\workshop\visual studio\c++\gameframework\dependencies\commonutilities\commonutilities\debugbin\intermediate\vc120.pdb
d:\dev\workshop\visual studio\c++\gameframework\dependencies\commonutilities\commonutilities\debugbin\intermediate\vc120.idb
d:\dev\workshop\visual studio\c++\gameframework\dependencies\commonutilities\commonutilities\debugbin\intermediate\dl_debug.obj
d:\dev\workshop\visual studio\c++\gameframework\dependencies\commonutilities\commonutilities\debugbin\intermediate\syncronizer.obj
d:\dev\workshop\visual studio\c++\gameframework\dependencies\commonutilities\commonutilities\debugbin\intermediate\threadpool.obj
d:\dev\workshop\visual studio\c++\gameframework\dependencies\commonutilities\commonutilities\debugbin\intermediate\time.obj
d:\dev\workshop\visual studio\c++\gameframework\dependencies\commonutilities\commonutilities\debugbin\intermediate\timer.obj
d:\dev\workshop\visual studio\c++\gameframework\dependencies\commonutilities\commonutilities\debugbin\intermediate\timermanager.obj
d:\dev\workshop\visual studio\c++\gameframework\dependencies\commonutilities\commonutilities\debugbin\intermediate\tinyxml2.obj
d:\dev\workshop\visual studio\c++\gameframework\dependencies\commonutilities\commonutilities\debugbin\intermediate\utilities.obj
d:\dev\workshop\visual studio\c++\gameframework\dependencies\commonutilities\commonutilities\debugbin\intermediate\work.obj
d:\dev\workshop\visual studio\c++\gameframework\dependencies\commonutilities\commonutilities\debugbin\intermediate\worker.obj
d:\dev\workshop\visual studio\c++\gameframework\dependencies\commonutilities\commonutilities\debugbin\intermediate\inputhandler.obj
d:\dev\workshop\visual studio\c++\gameframework\dependencies\commonutilities\commonutilities\debugbin\intermediate\dl_stackwalker.obj
d:\dev\workshop\visual studio\c++\gameframework\dependencies\commonutilities\commonutilities\debugbin\intermediate\stackwalker.obj
d:\dev\workshop\visual studio\c++\gameframework\bin\commonutilities.lib
d:\dev\workshop\visual studio\c++\gameframework\dependencies\commonutilities\commonutilities\debugbin\intermediate\commonutilities.tlog\cl.command.1.tlog
d:\dev\workshop\visual studio\c++\gameframework\dependencies\commonutilities\commonutilities\debugbin\intermediate\commonutilities.tlog\cl.read.1.tlog
d:\dev\workshop\visual studio\c++\gameframework\dependencies\commonutilities\commonutilities\debugbin\intermediate\commonutilities.tlog\cl.write.1.tlog
d:\dev\workshop\visual studio\c++\gameframework\dependencies\commonutilities\commonutilities\debugbin\intermediate\commonutilities.tlog\lib-link.read.1.tlog
d:\dev\workshop\visual studio\c++\gameframework\dependencies\commonutilities\commonutilities\debugbin\intermediate\commonutilities.tlog\lib-link.write.1.tlog
d:\dev\workshop\visual studio\c++\gameframework\dependencies\commonutilities\commonutilities\debugbin\intermediate\commonutilities.tlog\lib.command.1.tlog
